manifest-merger-release-report.txt
-- Merging decision tree log ---
manifest
ADDED from AndroidManifest.xml:1:1
	xmlns:android
		ADDED from AndroidManifest.xml:1:11
	package
		ADDED from AndroidManifest.xml:1:70
		INJECTED from AndroidManifest.xml:0:0
		INJECTED from AndroidManifest.xml:0:0
	android:versionName
		ADDED from AndroidManifest.xml:2:5
		INJECTED from AndroidManifest.xml:0:0
		INJECTED from AndroidManifest.xml:0:0
	android:versionCode
		ADDED from AndroidManifest.xml:1:99
		INJECTED from AndroidManifest.xml:0:0
		INJECTED from AndroidManifest.xml:0:0
application
ADDED from AndroidManifest.xml:4:5
MERGED from Yoca:actionbarsherlock:unspecified:11:5
MERGED from com.android.support:support-v4:22.0.0:22:5
MERGED from Yoca:sMSSDK:unspecified:11:5
MERGED from Yoca:edittextvalidator:unspecified:11:5
MERGED from com.android.support:support-v4:22.0.0:22:5
MERGED from com.android.support:support-v4:22.0.0:22:5
MERGED from com.jiechic.library:xUtils:2.6.14:11:5
	android:debuggable
		ADDED from Yoca:sMSSDK:unspecified:13:9
	android:label
		ADDED from AndroidManifest.xml:4:45
	android:allowBackup
		ADDED from AndroidManifest.xml:4:18
	android:icon
		ADDED from AndroidManifest.xml:5:9
	android:theme
		ADDED from AndroidManifest.xml:5:46
	android:name
		ADDED from AndroidManifest.xml:4:78
activity#com.xujun.app.yoca.StartActivity
ADDED from AndroidManifest.xml:6:9
	android:name
		ADDED from AndroidManifest.xml:6:19
intent-filter#android.intent.action.MAIN+android.intent.category.LAUNCHER
ADDED from AndroidManifest.xml:7:13
action#android.intent.action.MAIN
ADDED from AndroidManifest.xml:8:17
	android:name
		ADDED from AndroidManifest.xml:8:25
category#android.intent.category.LAUNCHER
ADDED from AndroidManifest.xml:9:17
	android:name
		ADDED from AndroidManifest.xml:9:27
activity#com.xujun.app.yoca.DefaultActivity
ADDED from AndroidManifest.xml:12:9
	android:name
		ADDED from AndroidManifest.xml:12:19
activity#com.xujun.app.yoca.HistoryActivity
ADDED from AndroidManifest.xml:13:9
	android:name
		ADDED from AndroidManifest.xml:13:19
activity#com.xujun.app.yoca.TabActivity
ADDED from AndroidManifest.xml:14:9
	android:name
		ADDED from AndroidManifest.xml:14:19
activity#com.xujun.app.yoca.WebActivity
ADDED from AndroidManifest.xml:15:9
	android:name
		ADDED from AndroidManifest.xml:15:19
activity#com.xujun.app.yoca.AccountMActivity
ADDED from AndroidManifest.xml:16:9
	android:name
		ADDED from AndroidManifest.xml:16:19
activity#com.xujun.app.yoca.DeviceSetActivity
ADDED from AndroidManifest.xml:17:9
	android:name
		ADDED from AndroidManifest.xml:17:19
activity#com.xujun.app.yoca.ChartDActivity
ADDED from AndroidManifest.xml:18:9
	android:name
		ADDED from AndroidManifest.xml:18:19
activity#com.xujun.app.yoca.HistoryDActivity
ADDED from AndroidManifest.xml:19:9
	android:name
		ADDED from AndroidManifest.xml:19:19
activity#com.xujun.app.yoca.SettingActivity
ADDED from AndroidManifest.xml:20:9
	android:name
		ADDED from AndroidManifest.xml:20:19
activity#com.xujun.app.yoca.DeviceActivity
ADDED from AndroidManifest.xml:21:9
	android:name
		ADDED from AndroidManifest.xml:21:19
activity#com.xujun.app.yoca.AvatarEditAvtivity
ADDED from AndroidManifest.xml:22:9
	android:name
		ADDED from AndroidManifest.xml:22:19
activity#com.xujun.app.yoca.AvatarMActivity
ADDED from AndroidManifest.xml:23:9
	android:name
		ADDED from AndroidManifest.xml:23:19
activity#com.xujun.app.yoca.HomeActivity
ADDED from AndroidManifest.xml:24:9
	android:name
		ADDED from AndroidManifest.xml:24:19
activity#com.xujun.app.yoca.LoginActivity
ADDED from AndroidManifest.xml:25:9
	android:windowSoftInputMode
		ADDED from AndroidManifest.xml:25:49
	android:name
		ADDED from AndroidManifest.xml:25:19
activity#com.xujun.app.yoca.ForgotPwdActivity
ADDED from AndroidManifest.xml:26:9
	android:name
		ADDED from AndroidManifest.xml:26:19
activity#com.xujun.app.yoca.RegisterActivity
ADDED from AndroidManifest.xml:27:9
	android:windowSoftInputMode
		ADDED from AndroidManifest.xml:27:103
	android:screenOrientation
		ADDED from AndroidManifest.xml:27:143
	android:configChanges
		ADDED from AndroidManifest.xml:27:52
	android:name
		ADDED from AndroidManifest.xml:27:19
activity#com.xujun.app.yoca.MainActivity
ADDED from AndroidManifest.xml:28:9
	android:name
		ADDED from AndroidManifest.xml:28:19
activity#com.xujun.app.yoca.ChartActivity
ADDED from AndroidManifest.xml:29:9
	android:name
		ADDED from AndroidManifest.xml:29:19
activity#com.xujun.app.yoca.ContentEActivity
ADDED from AndroidManifest.xml:30:9
	android:name
		ADDED from AndroidManifest.xml:30:19
activity#com.xujun.app.yoca.AccountActivity
ADDED from AndroidManifest.xml:31:9
	android:windowSoftInputMode
		ADDED from AndroidManifest.xml:31:51
	android:configChanges
		ADDED from AndroidManifest.xml:31:91
	android:name
		ADDED from AndroidManifest.xml:31:19
activity#com.xujun.app.yoca.TargetActivity
ADDED from AndroidManifest.xml:32:9
	android:windowSoftInputMode
		ADDED from AndroidManifest.xml:32:101
	android:screenOrientation
		ADDED from AndroidManifest.xml:32:141
	android:configChanges
		ADDED from AndroidManifest.xml:32:50
	android:name
		ADDED from AndroidManifest.xml:32:19
activity#com.xujun.app.yoca.DetailActivity
ADDED from AndroidManifest.xml:33:9
	android:name
		ADDED from AndroidManifest.xml:33:19
activity#com.xujun.app.yoca.TargetHisActivity
ADDED from AndroidManifest.xml:34:9
	android:name
		ADDED from AndroidManifest.xml:34:19
activity#com.xujun.app.yoca.WarnActivity
ADDED from AndroidManifest.xml:35:9
	android:name
		ADDED from AndroidManifest.xml:35:19
activity#com.xujun.app.yoca.WarnSetActivity
ADDED from AndroidManifest.xml:36:9
	android:name
		ADDED from AndroidManifest.xml:36:19
activity#com.xujun.app.yoca.LockSetupActivity
ADDED from AndroidManifest.xml:37:9
	android:name
		ADDED from AndroidManifest.xml:37:19
activity#com.xujun.app.yoca.LockActivity
ADDED from AndroidManifest.xml:38:9
	android:name
		ADDED from AndroidManifest.xml:38:19
activity#com.xujun.app.yoca.AboutActivity
ADDED from AndroidManifest.xml:39:9
	android:name
		ADDED from AndroidManifest.xml:39:19
activity#com.xujun.app.yoca.SelectDialog
ADDED from AndroidManifest.xml:40:9
	android:windowSoftInputMode
		ADDED from AndroidManifest.xml:40:166
	android:screenOrientation
		ADDED from AndroidManifest.xml:40:78
	android:configChanges
		ADDED from AndroidManifest.xml:40:115
	android:theme
		ADDED from AndroidManifest.xml:40:48
	android:name
		ADDED from AndroidManifest.xml:40:19
service#com.xujun.app.yoca.NotifyService
ADDED from AndroidManifest.xml:41:9
	android:name
		ADDED from AndroidManifest.xml:41:18
service#com.xujun.app.yoca.BluetoothLeService
ADDED from AndroidManifest.xml:42:9
	android:enabled
		ADDED from AndroidManifest.xml:42:53
	android:name
		ADDED from AndroidManifest.xml:42:18
receiver#com.xujun.app.yoca.AlarmReceiver
ADDED from AndroidManifest.xml:43:9
	android:name
		ADDED from AndroidManifest.xml:43:19
intent-filter#com.xujun.app.yoca.alarm.action
ADDED from AndroidManifest.xml:44:13
action#com.xujun.app.yoca.alarm.action
ADDED from AndroidManifest.xml:45:17
	android:name
		ADDED from AndroidManifest.xml:45:25
receiver#com.umeng.message.SystemReceiver
ADDED from AndroidManifest.xml:48:9
	android:process
		ADDED from AndroidManifest.xml:48:67
	android:name
		ADDED from AndroidManifest.xml:48:19
intent-filter#android.intent.action.BOOT_COMPLETED
ADDED from AndroidManifest.xml:49:13
action#android.intent.action.BOOT_COMPLETED
ADDED from AndroidManifest.xml:50:17
	android:name
		ADDED from AndroidManifest.xml:50:25
intent-filter#android.intent.action.CONFIGURATION_CHANGED
ADDED from AndroidManifest.xml:52:13
action#android.intent.action.CONFIGURATION_CHANGED
ADDED from AndroidManifest.xml:53:17
	android:name
		ADDED from AndroidManifest.xml:53:25
intent-filter#android.intent.action.PACKAGE_REMOVED
ADDED from AndroidManifest.xml:55:13
action#android.intent.action.PACKAGE_REMOVED
ADDED from AndroidManifest.xml:56:17
	android:name
		ADDED from AndroidManifest.xml:56:25
data
ADDED from AndroidManifest.xml:57:17
	android:scheme
		ADDED from AndroidManifest.xml:57:23
receiver#com.umeng.message.MessageReceiver
ADDED from AndroidManifest.xml:61:9
	android:process
		ADDED from AndroidManifest.xml:61:68
	android:name
		ADDED from AndroidManifest.xml:61:19
intent-filter#org.agoo.android.intent.action.RECEIVE
ADDED from AndroidManifest.xml:62:13
action#org.agoo.android.intent.action.RECEIVE
ADDED from AndroidManifest.xml:63:17
	android:name
		ADDED from AndroidManifest.xml:63:25
receiver#com.umeng.message.ElectionReceiver
ADDED from AndroidManifest.xml:66:9
	android:process
		ADDED from AndroidManifest.xml:66:69
	android:name
		ADDED from AndroidManifest.xml:66:19
intent-filter#org.agoo.android.intent.action.ELECTION_RESULT_V4+umeng
ADDED from AndroidManifest.xml:67:13
action#org.agoo.android.intent.action.ELECTION_RESULT_V4
ADDED from AndroidManifest.xml:68:17
	android:name
		ADDED from AndroidManifest.xml:68:25
category#umeng
ADDED from AndroidManifest.xml:69:17
	android:name
		ADDED from AndroidManifest.xml:69:27
receiver#com.umeng.message.RegistrationReceiver
ADDED from AndroidManifest.xml:72:9
	android:exported
		ADDED from AndroidManifest.xml:74:13
	android:name
		ADDED from AndroidManifest.xml:73:13
intent-filter#com.xujun.app.yoca.intent.action.COMMAND
ADDED from AndroidManifest.xml:75:13
action#com.xujun.app.yoca.intent.action.COMMAND
ADDED from AndroidManifest.xml:76:17
	android:name
		ADDED from AndroidManifest.xml:76:25
receiver#com.umeng.message.BootBroadcastReceiver
ADDED from AndroidManifest.xml:79:9
	android:name
		ADDED from AndroidManifest.xml:79:19
service#com.umeng.message.UmengService
ADDED from AndroidManifest.xml:85:9
	android:label
		ADDED from AndroidManifest.xml:87:13
	android:process
		ADDED from AndroidManifest.xml:89:13
	android:exported
		ADDED from AndroidManifest.xml:88:13
	android:name
		ADDED from AndroidManifest.xml:86:13
intent-filter#com.xujun.app.yoca.intent.action.START
ADDED from AndroidManifest.xml:90:13
action#com.xujun.app.yoca.intent.action.START
ADDED from AndroidManifest.xml:91:17
	android:name
		ADDED from AndroidManifest.xml:91:25
intent-filter#com.xujun.app.yoca.intent.action.COCKROACH
ADDED from AndroidManifest.xml:93:13
action#com.xujun.app.yoca.intent.action.COCKROACH
ADDED from AndroidManifest.xml:94:17
	android:name
		ADDED from AndroidManifest.xml:94:25
intent-filter#org.agoo.android.intent.action.PING_V4+umeng
ADDED from AndroidManifest.xml:96:13
action#org.agoo.android.intent.action.PING_V4
ADDED from AndroidManifest.xml:97:17
	android:name
		ADDED from AndroidManifest.xml:97:25
service#com.umeng.message.UmengIntentService
ADDED from AndroidManifest.xml:101:9
	android:process
		ADDED from AndroidManifest.xml:102:13
	android:name
		ADDED from AndroidManifest.xml:101:18
service#com.umeng.message.UmengDownloadResourceService
ADDED from AndroidManifest.xml:104:9
	android:name
		ADDED from AndroidManifest.xml:104:18
activity#com.xujun.app.wxapi.WXEntryActivity
ADDED from AndroidManifest.xml:106:9
	android:screenOrientation
		ADDED from AndroidManifest.xml:107:99
	android:configChanges
		ADDED from AndroidManifest.xml:107:13
	android:theme
		ADDED from AndroidManifest.xml:106:70
	android:exported
		ADDED from AndroidManifest.xml:107:75
	android:name
		ADDED from AndroidManifest.xml:106:19
activity#cn.smssdk.SMSSDKUIShell
ADDED from AndroidManifest.xml:109:9
	android:windowSoftInputMode
		ADDED from AndroidManifest.xml:111:13
	android:configChanges
		ADDED from AndroidManifest.xml:109:58
	android:theme
		ADDED from AndroidManifest.xml:110:13
	android:name
		ADDED from AndroidManifest.xml:109:19
activity#com.umeng.socialize.view.ShareActivity
ADDED from AndroidManifest.xml:113:9
	android:windowSoftInputMode
		ADDED from AndroidManifest.xml:119:13
	android:noHistory
		ADDED from AndroidManifest.xml:117:13
	android:configChanges
		ADDED from AndroidManifest.xml:115:13
	android:theme
		ADDED from AndroidManifest.xml:118:13
	android:name
		ADDED from AndroidManifest.xml:114:13
	android:launchMode
		ADDED from AndroidManifest.xml:116:13
activity#com.tencent.tauth.AuthActivity
ADDED from AndroidManifest.xml:122:9
	android:noHistory
		ADDED from AndroidManifest.xml:125:13
	android:name
		ADDED from AndroidManifest.xml:123:13
	android:launchMode
		ADDED from AndroidManifest.xml:124:13
intent-filter#android.intent.action.VIEW+android.intent.category.BROWSABLE+android.intent.category.DEFAULT
ADDED from AndroidManifest.xml:126:13
action#android.intent.action.VIEW
ADDED from AndroidManifest.xml:127:17
	android:name
		ADDED from AndroidManifest.xml:127:25
category#android.intent.category.DEFAULT
ADDED from AndroidManifest.xml:129:17
	android:name
		ADDED from AndroidManifest.xml:129:27
category#android.intent.category.BROWSABLE
ADDED from AndroidManifest.xml:130:17
	android:name
		ADDED from AndroidManifest.xml:130:27
activity#com.tencent.connect.common.AssistActivity
ADDED from AndroidManifest.xml:135:9
	android:screenOrientation
		ADDED from AndroidManifest.xml:137:13
	android:theme
		ADDED from AndroidManifest.xml:136:13
	android:name
		ADDED from AndroidManifest.xml:135:19
meta-data#UMENG_APPKEY
ADDED from AndroidManifest.xml:140:9
	android:name
		ADDED from AndroidManifest.xml:140:20
	android:value
		ADDED from AndroidManifest.xml:140:48
meta-data#UMENG_MESSAGE_SECRET
ADDED from AndroidManifest.xml:141:9
	android:name
		ADDED from AndroidManifest.xml:142:13
	android:value
		ADDED from AndroidManifest.xml:143:13
meta-data#UMENG_CHANNEL
ADDED from AndroidManifest.xml:145:9
	android:name
		ADDED from AndroidManifest.xml:145:20
	android:value
		ADDED from AndroidManifest.xml:145:49
activity#com.umeng.update.UpdateDialogActivity
ADDED from AndroidManifest.xml:146:9
	android:theme
		ADDED from AndroidManifest.xml:146:72
	android:name
		ADDED from AndroidManifest.xml:146:19
service#com.umeng.update.net.DownloadingService
ADDED from AndroidManifest.xml:147:9
	android:process
		ADDED from AndroidManifest.xml:147:73
	android:name
		ADDED from AndroidManifest.xml:147:18
uses-permission#android.permission.INTERNET
ADDED from AndroidManifest.xml:151:5
	android:name
		ADDED from AndroidManifest.xml:151:22
uses-permission#android.permission.ACCESS_NETWORK_STATE
ADDED from AndroidManifest.xml:152:5
	android:name
		ADDED from AndroidManifest.xml:152:22
uses-permission#android.permission.ACCESS_COARSE_LOCATION
ADDED from AndroidManifest.xml:153:5
	android:name
		ADDED from AndroidManifest.xml:153:22
uses-permission#android.permission.ACCESS_FINE_LOCATION
ADDED from AndroidManifest.xml:154:5
	android:name
		ADDED from AndroidManifest.xml:154:22
uses-permission#android.permission.WAKE_LOCK
ADDED from AndroidManifest.xml:155:5
	android:name
		ADDED from AndroidManifest.xml:155:22
uses-permission#android.permission.READ_CONTACTS
ADDED from AndroidManifest.xml:156:5
	android:name
		ADDED from AndroidManifest.xml:156:22
uses-permission#android.permission.READ_PHONE_STATE
ADDED from AndroidManifest.xml:157:5
	android:name
		ADDED from AndroidManifest.xml:157:22
uses-permission#android.permission.ACCESS_WIFI_STATE
ADDED from AndroidManifest.xml:158:5
	android:name
		ADDED from AndroidManifest.xml:158:22
uses-permission#android.permission.CHANGE_WIFI_STATE
ADDED from AndroidManifest.xml:159:5
	android:name
		ADDED from AndroidManifest.xml:159:22
uses-permission#android.permission.CALL_PHONE
ADDED from AndroidManifest.xml:160:5
	android:name
		ADDED from AndroidManifest.xml:160:22
uses-permission#android.permission.RECEIVE_SMS
ADDED from AndroidManifest.xml:161:5
	android:name
		ADDED from AndroidManifest.xml:161:22
uses-permission#android.permission.GET_TASKS
ADDED from AndroidManifest.xml:162:5
	android:name
		ADDED from AndroidManifest.xml:162:22
uses-permission#android.permission.READ_SMS
ADDED from AndroidManifest.xml:163:5
	android:name
		ADDED from AndroidManifest.xml:163:22
uses-permission#android.permission.SEND_SMS
ADDED from AndroidManifest.xml:164:5
	android:name
		ADDED from AndroidManifest.xml:164:22
uses-permission#android.permission.RECORD_AUDIO
ADDED from AndroidManifest.xml:165:5
	android:name
		ADDED from AndroidManifest.xml:165:22
uses-permission#android.permission.WRITE_SETTINGS
ADDED from AndroidManifest.xml:166:5
	android:name
		ADDED from AndroidManifest.xml:166:22
uses-permission#android.permission.CHANGE_NETWORK_STATE
ADDED from AndroidManifest.xml:167:5
	android:name
		ADDED from AndroidManifest.xml:167:22
uses-permission#android.permission.RECEIVE_BOOT_COMPLETED
ADDED from AndroidManifest.xml:168:5
	android:name
		ADDED from AndroidManifest.xml:168:22
uses-permission#android.permission.WRITE_EXTERNAL_STORAGE
ADDED from AndroidManifest.xml:169:5
	android:name
		ADDED from AndroidManifest.xml:169:22
uses-permission#android.permission.READ_EXTERNAL_STORAGE
ADDED from AndroidManifest.xml:170:5
	android:name
		ADDED from AndroidManifest.xml:170:22
uses-permission#android.permission.MANAGE_ACCOUNTS
ADDED from AndroidManifest.xml:171:5
	android:name
		ADDED from AndroidManifest.xml:171:22
uses-permission#android.permission.GET_ACCOUNTS
ADDED from AndroidManifest.xml:172:5
	android:name
		ADDED from AndroidManifest.xml:172:22
uses-permission#android.permission.VIBRATE
ADDED from AndroidManifest.xml:173:5
	android:name
		ADDED from AndroidManifest.xml:173:22
uses-permission#android.permission.SYSTEM_ALERT_WINDOW
ADDED from AndroidManifest.xml:174:5
	android:name
		ADDED from AndroidManifest.xml:174:22
uses-permission#android.permission.CAMERA
ADDED from AndroidManifest.xml:175:5
	android:name
		ADDED from AndroidManifest.xml:175:22
uses-permission#android.permission.SET_TIME_ZONE
ADDED from AndroidManifest.xml:176:5
	android:name
		ADDED from AndroidManifest.xml:176:22
uses-permission#android.permission.BLUETOOTH
ADDED from AndroidManifest.xml:177:5
	android:name
		ADDED from AndroidManifest.xml:177:22
uses-permission#android.permission.BLUETOOTH_ADMIN
ADDED from AndroidManifest.xml:178:5
	android:name
		ADDED from AndroidManifest.xml:178:22
uses-feature#android.hardware.camera
ADDED from AndroidManifest.xml:179:5
	android:name
		ADDED from AndroidManifest.xml:179:19
uses-feature#android.hardware.camera.autofocus
ADDED from AndroidManifest.xml:180:5
	android:name
		ADDED from AndroidManifest.xml:180:19
uses-feature#android.hardware.bluetooth_le
ADDED from AndroidManifest.xml:181:5
	android:required
		ADDED from AndroidManifest.xml:181:64
	android:name
		ADDED from AndroidManifest.xml:181:19
uses-sdk
INJECTED from AndroidManifest.xml:0:0 reason: use-sdk injection requested
MERGED from Yoca:actionbarsherlock:unspecified:7:5
MERGED from com.android.support:support-v4:22.0.0:20:5
MERGED from Yoca:sMSSDK:unspecified:7:5
MERGED from Yoca:edittextvalidator:unspecified:7:5
MERGED from Yoca:rebound-android:unspecified:7:5
MERGED from Yoca:ViewPagerIndicator:unspecified:7:5
MERGED from com.android.support:support-v4:22.0.0:20:5
MERGED from Yoca:Crouton:unspecified:22:5
MERGED from com.android.support:support-v4:22.0.0:20:5
MERGED from Yoca:MPChart:unspecified:7:5
MERGED from com.jiechic.library:xUtils:2.6.14:7:5
	android:targetSdkVersion
		INJECTED from AndroidManifest.xml:0:0
		INJECTED from AndroidManifest.xml:0:0
	android:minSdkVersion
		INJECTED from AndroidManifest.xml:0:0
		INJECTED from AndroidManifest.xml:0:0